0 info it worked if it ends with ok
1 verbose cli [ 'C:\\Program Files\\nodejs\\node.exe',
1 verbose cli   'C:\\Program Files\\nodejs\\node_modules\\npm\\bin\\npm-cli.js',
1 verbose cli   'run',
1 verbose cli   'publish' ]
2 info using npm@3.10.10
3 info using node@v6.11.5
4 verbose run-script [ 'prepublish', 'publish', 'postpublish' ]
5 info lifecycle nsp-donation-pages@1.0.0~prepublish: nsp-donation-pages@1.0.0
6 silly lifecycle nsp-donation-pages@1.0.0~prepublish: no script for prepublish, continuing
7 info lifecycle nsp-donation-pages@1.0.0~publish: nsp-donation-pages@1.0.0
8 verbose lifecycle nsp-donation-pages@1.0.0~publish: unsafe-perm in lifecycle true
9 verbose lifecycle nsp-donation-pages@1.0.0~publish: PATH: C:\Program Files\nodejs\node_modules\npm\bin\node-gyp-bin;C:\Users\josephs12\donationpages\node_modules\.bin;C:\Program Files (x86)\Rockwell Software\RSCommon;C:\tools\ruby24\bin;C:\Python36\Scripts\;C:\Python36\;C:\Python27\;C:\Python27\Scripts;C:\Windows\system32;C:\Windows;C:\Windows\System32\Wbem;C:\Windows\System32\WindowsPowerShell\v1.0\;C:\ProgramData\chocolatey\bin;C:\Program Files\Java\jdk1.8.0_131\bin;C:\Program Files (x86)\vim\vim80;C:\Program Files\Microsoft SQL Server\110\Tools\Binn\;C:\Program Files\IBM\SPSS\Statistics\24\JRE\bin;C:\Program Files\MATLAB\R2017a\bin;C:\Program Files (x86)\Common Files\Intuit\QBPOSSDKRuntime;C:\Program Files (x86)\QuickTime\QTSystem\;C:\Program Files (x86)\PharosSystems\Core;C:\Program Files\nodejs\;C:\Program Files\Git\cmd;C:\Program Files (x86)\Rockwell Software\RSCommon;C:\tools\ruby24\bin;C:\Python36\Scripts\;C:\Python36\;C:\Python27\;C:\Python27\Scripts;C:\Windows\system32;C:\Windows;C:\Windows\System32\Wbem;C:\Windows\System32\WindowsPowerShell\v1.0\;C:\ProgramData\chocolatey\bin;C:\Program Files\Java\jdk1.8.0_131\bin;C:\Program Files (x86)\vim\vim80;C:\Program Files\Microsoft SQL Server\110\Tools\Binn\;C:\Program Files\IBM\SPSS\Statistics\24\JRE\bin;C:\Program Files\MATLAB\R2017a\bin;C:\Program Files (x86)\Common Files\Intuit\QBPOSSDKRuntime;C:\Program Files (x86)\QuickTime\QTSystem\;C:\Program Files (x86)\PharosSystems\Core;C:\Program Files\nodejs\;C:\Program Files\Git\cmd;C:\Users\josephs12\AppData\Local\Microsoft\WindowsApps;C:\Users\josephs12\AppData\Local\atom\bin;C:\Users\josephs12\AppData\Roaming\npm;c:\Users\josephs12\AppData\Roaming\npm\
10 verbose lifecycle nsp-donation-pages@1.0.0~publish: CWD: C:\Users\josephs12\donationpages
11 silly lifecycle nsp-donation-pages@1.0.0~publish: Args: [ '/d /s /c',
11 silly lifecycle   'npm run build && git add . && git commit -m\'Automated Commit\' && git push origin master' ]
12 silly lifecycle nsp-donation-pages@1.0.0~publish: Returned: code: 1  signal: null
13 info lifecycle nsp-donation-pages@1.0.0~publish: Failed to exec publish script
14 verbose stack Error: nsp-donation-pages@1.0.0 publish: `npm run build && git add . && git commit -m'Automated Commit' && git push origin master`
14 verbose stack Exit status 1
14 verbose stack     at EventEmitter.<anonymous> (C:\Program Files\nodejs\node_modules\npm\lib\utils\lifecycle.js:255:16)
14 verbose stack     at emitTwo (events.js:106:13)
14 verbose stack     at EventEmitter.emit (events.js:191:7)
14 verbose stack     at ChildProcess.<anonymous> (C:\Program Files\nodejs\node_modules\npm\lib\utils\spawn.js:40:14)
14 verbose stack     at emitTwo (events.js:106:13)
14 verbose stack     at ChildProcess.emit (events.js:191:7)
14 verbose stack     at maybeClose (internal/child_process.js:920:16)
14 verbose stack     at Process.ChildProcess._handle.onexit (internal/child_process.js:230:5)
15 verbose pkgid nsp-donation-pages@1.0.0
16 verbose cwd C:\Users\josephs12\donationpages
17 error Windows_NT 10.0.15063
18 error argv "C:\\Program Files\\nodejs\\node.exe" "C:\\Program Files\\nodejs\\node_modules\\npm\\bin\\npm-cli.js" "run" "publish"
19 error node v6.11.5
20 error npm  v3.10.10
21 error code ELIFECYCLE
22 error nsp-donation-pages@1.0.0 publish: `npm run build && git add . && git commit -m'Automated Commit' && git push origin master`
22 error Exit status 1
23 error Failed at the nsp-donation-pages@1.0.0 publish script 'npm run build && git add . && git commit -m'Automated Commit' && git push origin master'.
23 error Make sure you have the latest version of node.js and npm installed.
23 error If you do, this is most likely a problem with the nsp-donation-pages package,
23 error not with npm itself.
23 error Tell the author that this fails on your system:
23 error     npm run build && git add . && git commit -m'Automated Commit' && git push origin master
23 error You can get information on how to open an issue for this project with:
23 error     npm bugs nsp-donation-pages
23 error Or if that isn't available, you can get their info via:
23 error     npm owner ls nsp-donation-pages
23 error There is likely additional logging output above.
24 verbose exit [ 1, true ]
