0 info it worked if it ends with ok
1 verbose cli [ '/usr/local/bin/node', '/usr/local/bin/npm', 'run', 'publish' ]
2 info using npm@3.10.10
3 info using node@v6.11.5
4 verbose run-script [ 'prepublish', 'publish', 'postpublish' ]
5 info lifecycle nsp-donation-pages@1.0.0~prepublish: nsp-donation-pages@1.0.0
6 silly lifecycle nsp-donation-pages@1.0.0~prepublish: no script for prepublish, continuing
7 info lifecycle nsp-donation-pages@1.0.0~publish: nsp-donation-pages@1.0.0
8 verbose lifecycle nsp-donation-pages@1.0.0~publish: unsafe-perm in lifecycle true
9 verbose lifecycle nsp-donation-pages@1.0.0~publish: PATH: /usr/local/lib/node_modules/npm/bin/node-gyp-bin:/Users/josephstewart/donationpages/node_modules/.bin:/usr/local/bin:/usr/bin:/bin:/usr/sbin:/sbin
10 verbose lifecycle nsp-donation-pages@1.0.0~publish: CWD: /Users/josephstewart/donationpages
11 silly lifecycle nsp-donation-pages@1.0.0~publish: Args: [ '-c',
11 silly lifecycle   'npm run build && git add . && git commit -m"Automated Commit" && git push' ]
12 silly lifecycle nsp-donation-pages@1.0.0~publish: Returned: code: 1  signal: null
13 info lifecycle nsp-donation-pages@1.0.0~publish: Failed to exec publish script
14 verbose stack Error: nsp-donation-pages@1.0.0 publish: `npm run build && git add . && git commit -m"Automated Commit" && git push`
14 verbose stack Exit status 1
14 verbose stack     at EventEmitter.<anonymous> (/usr/local/lib/node_modules/npm/lib/utils/lifecycle.js:255:16)
14 verbose stack     at emitTwo (events.js:106:13)
14 verbose stack     at EventEmitter.emit (events.js:191:7)
14 verbose stack     at ChildProcess.<anonymous> (/usr/local/lib/node_modules/npm/lib/utils/spawn.js:40:14)
14 verbose stack     at emitTwo (events.js:106:13)
14 verbose stack     at ChildProcess.emit (events.js:191:7)
14 verbose stack     at maybeClose (internal/child_process.js:920:16)
14 verbose stack     at Process.ChildProcess._handle.onexit (internal/child_process.js:230:5)
15 verbose pkgid nsp-donation-pages@1.0.0
16 verbose cwd /Users/josephstewart/donationpages/main
17 error Darwin 16.6.0
18 error argv "/usr/local/bin/node" "/usr/local/bin/npm" "run" "publish"
19 error node v6.11.5
20 error npm  v3.10.10
21 error code ELIFECYCLE
22 error nsp-donation-pages@1.0.0 publish: `npm run build && git add . && git commit -m"Automated Commit" && git push`
22 error Exit status 1
23 error Failed at the nsp-donation-pages@1.0.0 publish script 'npm run build && git add . && git commit -m"Automated Commit" && git push'.
23 error Make sure you have the latest version of node.js and npm installed.
23 error If you do, this is most likely a problem with the nsp-donation-pages package,
23 error not with npm itself.
23 error Tell the author that this fails on your system:
23 error     npm run build && git add . && git commit -m"Automated Commit" && git push
23 error You can get information on how to open an issue for this project with:
23 error     npm bugs nsp-donation-pages
23 error Or if that isn't available, you can get their info via:
23 error     npm owner ls nsp-donation-pages
23 error There is likely additional logging output above.
24 verbose exit [ 1, true ]
